FullyCloakedAVStreamer_Free_Version/app/build/outputs/mapping/release/seeds.txt
com.inoek.apps.fullycloakedtv_free_version.AVInterpolator
com.inoek.apps.fullycloakedtv_free_version.AVInterpolator: double mAmplitude
com.inoek.apps.fullycloakedtv_free_version.AVInterpolator: double mFrequency
com.inoek.apps.fullycloakedtv_free_version.AVInterpolator: AVInterpolator(double,double)
com.inoek.apps.fullycloakedtv_free_version.AVInterpolator: float getInterpolation(float)
com.inoek.apps.fullycloakedtv_free_version.BuildConfig
com.inoek.apps.fullycloakedtv_free_version.BuildConfig: boolean DEBUG
com.inoek.apps.fullycloakedtv_free_version.BuildConfig: java.lang.String APPLICATION_ID
com.inoek.apps.fullycloakedtv_free_version.BuildConfig: java.lang.String BUILD_TYPE
com.inoek.apps.fullycloakedtv_free_version.BuildConfig: java.lang.String FLAVOR
com.inoek.apps.fullycloakedtv_free_version.BuildConfig: int VERSION_CODE
com.inoek.apps.fullycloakedtv_free_version.BuildConfig: java.lang.String VERSION_NAME
com.inoek.apps.fullycloakedtv_free_version.BuildConfig: BuildConfig()
com.inoek.apps.fullycloakedtv_free_version.GetURLFromDatabase
com.inoek.apps.fullycloakedtv_free_version.GetURLFromDatabase: android.content.Context cx
com.inoek.apps.fullycloakedtv_free_version.GetURLFromDatabase: com.inoek.apps.fullycloakedtv_free_version.UrlUpdaterInterface callback
com.inoek.apps.fullycloakedtv_free_version.GetURLFromDatabase: android.app.ProgressDialog progressDialog
com.inoek.apps.fullycloakedtv_free_version.GetURLFromDatabase: GetURLFromDatabase(android.content.Context,com.inoek.apps.fullycloakedtv_free_version.UrlUpdaterInterface,android.app.ProgressDialog)
com.inoek.apps.fullycloakedtv_free_version.GetURLFromDatabase: void showMessage(android.content.Context)
com.inoek.apps.fullycloakedtv_free_version.GetURLFromDatabase: void onPreExecute()
com.inoek.apps.fullycloakedtv_free_version.GetURLFromDatabase: void onPostExecute(java.lang.String)
com.inoek.apps.fullycloakedtv_free_version.GetURLFromDatabase: void onProgressUpdate(java.lang.Void[])
com.inoek.apps.fullycloakedtv_free_version.GetURLFromDatabase: java.lang.String doInBackground(java.lang.String[])
com.inoek.apps.fullycloakedtv_free_version.GetURLFromDatabase: void onProgressUpdate(java.lang.Object[])
com.inoek.apps.fullycloakedtv_free_version.GetURLFromDatabase: void onPostExecute(java.lang.Object)
com.inoek.apps.fullycloakedtv_free_version.GetURLFromDatabase: java.lang.Object doInBackground(java.lang.Object[])
com.inoek.apps.fullycloakedtv_free_version.GetURLFromDatabase$1
com.inoek.apps.fullycloakedtv_free_version.GetURLFromDatabase$1: com.inoek.apps.fullycloakedtv_free_version.GetURLFromDatabase this$0
com.inoek.apps.fullycloakedtv_free_version.GetURLFromDatabase$1: GetURLFromDatabase$1(com.inoek.apps.fullycloakedtv_free_version.GetURLFromDatabase)
com.inoek.apps.fullycloakedtv_free_version.GetURLFromDatabase$1: void onClick(android.content.DialogInterface,int)
com.inoek.apps.fullycloakedtv_free_version.InternetChecker
com.inoek.apps.fullycloakedtv_free_version.InternetChecker: void OnCheckNetworkConnection(java.lang.Object)
...
android.support.v7.view.menu.MenuView
android.support.v7.view.menu.MenuView: void initialize(android.support.v7.view.menu.MenuBuilder)
android.support.v7.view.menu.MenuView: int getWindowAnimations()
android.support.v7.view.menu.MenuView$ItemView
android.support.v7.view.menu.MenuView$ItemView: void initialize(android.support.v7.view.menu.MenuItemImpl,int)
android.support.v7.view.menu.MenuView$ItemView: android.support.v7.view.menu.MenuItemImpl getItemData()
android.support.v7.view.menu.MenuView$ItemView: void setTitle(java.lang.CharSequence)
android.support.v7.view.menu.MenuView$ItemView: void setEnabled(boolean)
android.support.v7.view.menu.MenuView$ItemView: void setCheckable(boolean)
android.support.v7.view.menu.MenuView$ItemView: void setChecked(boolean)
android.support.v7.view.menu.MenuView$ItemView: void setShortcut(boolean,char)
android.support.v7.view.menu.MenuView$ItemView: void setIcon(android.graphics.drawable.Drawable)
android.support.v7.view.menu.MenuView$ItemView: boolean prefersCondensedTitle()
android.support.v7.view.menu.MenuView$ItemView: boolean showsIcon()
android.support.v7.view.menu.MenuWrapperFactory
android.support.v7.view.menu.MenuWrapperFactory: android.view.Menu wrapSupportMenu(android.content.Context,android.support.v4.internal.view.SupportMenu)
android.support.v7.view.menu.MenuWrapperFactory: android.view.MenuItem wrapSupportMenuItem(android.content.Context,android.support.v4.internal.view.SupportMenuItem)
android.support.v7.view.menu.MenuWrapperFactory: android.view.SubMenu wrapSupportSubMenu(android.content.Context,android.support.v4.internal.view.SupportSubMenu)
android.support.v7.view.menu.ShowableListMenu
android.support.v7.view.menu.ShowableListMenu: void show()
android.support.v7.view.menu.ShowableListMenu: void dismiss()
android.support.v7.view.menu.ShowableListMenu: boolean isShowing()
android.support.v7.view.menu.ShowableListMenu: android.widget.ListView getListView()
android.support.v7.view.menu.SubMenuBuilder
android.support.v7.view.menu.SubMenuBuilder: SubMenuBuilder(android.content.Context,android.support.v7.view.menu.MenuBuilder,android.support.v7.view.menu.MenuItemImpl)
android.support.v7.view.menu.SubMenuBuilder: void setQwertyMode(boolean)
android.support.v7.view.menu.SubMenuBuilder: boolean isQwertyMode()
android.support.v7.view.menu.SubMenuBuilder: void setShortcutsVisible(boolean)
android.support.v7.view.menu.SubMenuBuilder: boolean isShortcutsVisible()
android.support.v7.view.menu.SubMenuBuilder: android.view.Menu getParentMenu()
android.support.v7.view.menu.SubMenuBuilder: android.view.MenuItem getItem()
android.support.v7.view.menu.SubMenuBuilder: void setCallback(android.support.v7.view.menu.MenuBuilder$Callback)
android.support.v7.view.menu.SubMenuBuilder: android.support.v7.view.menu.MenuBuilder getRootMenu()
android.support.v7.view.menu.SubMenuBuilder: android.view.SubMenu setIcon(android.graphics.drawable.Drawable)
android.support.v7.view.menu.SubMenuBuilder: android.view.SubMenu setIcon(int)
android.support.v7.view.menu.SubMenuBuilder: android.view.SubMenu setHeaderIcon(android.graphics.drawable.Drawable)
android.support.v7.view.menu.SubMenuBuilder: android.view.SubMenu setHeaderIcon(int)
android.support.v7.view.menu.SubMenuBuilder: android.view.SubMenu setHeaderTitle(java.lang.CharSequence)
android.support.v7.view.menu.SubMenuBuilder: android.view.SubMenu setHeaderTitle(int)