FullyCloakedAVStreamer_Free_Version/app/build/outputs/mapping/release/mapping.txt
com.inoek.apps.fullycloakedtv_free_version.AVInterpolator -> com.inoek.apps.fullycloakedtv_free_version.AVInterpolator:
    double mAmplitude -> mAmplitude
    double mFrequency -> mFrequency
    8:14:void <init>(double,double) -> <init>
    18:19:float getInterpolation(float) -> getInterpolation
com.inoek.apps.fullycloakedtv_free_version.BuildConfig -> com.inoek.apps.fullycloakedtv_free_version.BuildConfig:
    boolean DEBUG -> DEBUG
    java.lang.String APPLICATION_ID -> APPLICATION_ID
    java.lang.String BUILD_TYPE -> BUILD_TYPE
    java.lang.String FLAVOR -> FLAVOR
    int VERSION_CODE -> VERSION_CODE
    java.lang.String VERSION_NAME -> VERSION_NAME
    6:6:void <init>() -> <init>
com.inoek.apps.fullycloakedtv_free_version.GetURLFromDatabase -> com.inoek.apps.fullycloakedtv_free_version.GetURLFromDatabase:
    android.content.Context cx -> cx
    com.inoek.apps.fullycloakedtv_free_version.UrlUpdaterInterface callback -> callback
    android.app.ProgressDialog progressDialog -> progressDialog
    26:30:void <init>(android.content.Context,com.inoek.apps.fullycloakedtv_free_version.UrlUpdaterInterface,android.app.ProgressDialog) -> <init>
    33:47:void showMessage(android.content.Context) -> showMessage
    52:55:void onPreExecute() -> onPreExecute
    60:62:void onPostExecute(java.lang.String) -> onPostExecute
    67:68:void onProgressUpdate(java.lang.Void[]) -> onProgressUpdate
    73:96:java.lang.String doInBackground(java.lang.String[]) -> doInBackground
    20:20:void onProgressUpdate(java.lang.Object[]) -> onProgressUpdate
    20:20:void onPostExecute(java.lang.Object) -> onPostExecute
    20:20:java.lang.Object doInBackground(java.lang.Object[]) -> doInBackground
com.inoek.apps.fullycloakedtv_free_version.GetURLFromDatabase$1 -> com.inoek.apps.fullycloakedtv_free_version.GetURLFromDatabase$1:
    com.inoek.apps.fullycloakedtv_free_version.GetURLFromDatabase this$0 -> this$0
    36:36:void <init>(com.inoek.apps.fullycloakedtv_free_version.GetURLFromDatabase) -> <init>
    40:43:void onClick(android.content.DialogInterface,int) -> onClick
com.inoek.apps.fullycloakedtv_free_version.InternetChecker -> com.inoek.apps.fullycloakedtv_free_version.InternetChecker:
    void OnCheckNetworkConnection(java.lang.Object) -> OnCheckNetworkConnection
com.inoek.apps.fullycloakedtv_free_version.M3UClassLoader.M3UFile -> com.inoek.apps.fullycloakedtv_free_version.M3UClassLoader.M3UFile:
    com.inoek.apps.fullycloakedtv_free_version.M3UClassLoader.M3UHead mHeader -> mHeader
    java.util.LinkedList mItems -> mItems
    8:10:void <init>() -> <init>
    13:14:void setHeader(com.inoek.apps.fullycloakedtv_free_version.M3UClassLoader.M3UHead) -> setHeader
    17:17:com.inoek.apps.fullycloakedtv_free_version.M3UClassLoader.M3UHead getHeader() -> getHeader
    21:21:boolean addItem(com.inoek.apps.fullycloakedtv_free_version.M3UClassLoader.M3UItem) -> addItem
    25:25:boolean addItems(java.util.LinkedList) -> addItems
    29:29:java.util.LinkedList getItems() -> getItems
    34:45:java.lang.String toString() -> toString
...
android.support.v4.view.ViewPropertyAnimatorCompatLollipop -> dn:
    28:29:void translationZ(android.view.View,float) -> a
    32:33:void translationZBy(android.view.View,float) -> b
    36:37:void z(android.view.View,float) -> c
    40:41:void zBy(android.view.View,float) -> d
android.support.v4.view.ViewPropertyAnimatorListener -> android.support.v4.view.ViewPropertyAnimatorListener:
    void onAnimationStart(android.view.View) -> onAnimationStart
    void onAnimationEnd(android.view.View) -> onAnimationEnd
    void onAnimationCancel(android.view.View) -> onAnimationCancel
android.support.v4.view.ViewPropertyAnimatorListenerAdapter -> android.support.v4.view.ViewPropertyAnimatorListenerAdapter:
    27:27:void <init>() -> <init>
    34:34:void onAnimationStart(android.view.View) -> onAnimationStart
    41:41:void onAnimationEnd(android.view.View) -> onAnimationEnd
    48:48:void onAnimationCancel(android.view.View) -> onAnimationCancel
android.support.v4.view.ViewPropertyAnimatorUpdateListener -> android.support.v4.view.ViewPropertyAnimatorUpdateListener:
    void onAnimationUpdate(android.view.View) -> onAnimationUpdate
android.support.v4.view.WindowCompat -> android.support.v4.view.WindowCompat:
    int FEATURE_ACTION_BAR -> FEATURE_ACTION_BAR
    int FEATURE_ACTION_BAR_OVERLAY -> FEATURE_ACTION_BAR_OVERLAY
    int FEATURE_ACTION_MODE_OVERLAY -> FEATURE_ACTION_MODE_OVERLAY
    62:62:void <init>() -> <init>
android.support.v4.view.WindowInsetsCompat -> android.support.v4.view.WindowInsetsCompat:
    android.support.v4.view.WindowInsetsCompat$WindowInsetsCompatImpl IMPL -> a
    java.lang.Object mInsets -> b
    266:268:void <init>(java.lang.Object) -> <init>
    275:277:void <init>(android.support.v4.view.WindowInsetsCompat) -> <init>
    289:289:int getSystemWindowInsetLeft() -> getSystemWindowInsetLeft
    302:302:int getSystemWindowInsetTop() -> getSystemWindowInsetTop
    315:315:int getSystemWindowInsetRight() -> getSystemWindowInsetRight
    328:328:int getSystemWindowInsetBottom() -> getSystemWindowInsetBottom
    341:341:boolean hasSystemWindowInsets() -> hasSystemWindowInsets
    350:350:boolean hasInsets() -> hasInsets
    367:367:boolean isConsumed() -> isConsumed
    381:381:boolean isRound() -> isRound
    390:390:android.support.v4.view.WindowInsetsCompat consumeSystemWindowInsets() -> consumeSystemWindowInsets
    404:404:android.support.v4.view.WindowInsetsCompat replaceSystemWindowInsets(int,int,int,int) -> replaceSystemWindowInsets
    416:416:android.support.v4.view.WindowInsetsCompat replaceSystemWindowInsets(android.graphics.Rect) -> replaceSystemWindowInsets
    431:431:int getStableInsetTop() -> getStableInsetTop
    447:447:int getStableInsetLeft() -> getStableInsetLeft
    462:462:int getStableInsetRight() -> getStableInsetRight
    478:478:int getStableInsetBottom() -> getStableInsetBottom
    493:493:boolean hasStableInsets() -> hasStableInsets
android.support.v4.view.WindowInsetsCompat$WindowInsetsCompatApi20Impl -> android.support.v4.view.WindowInsetsCompat$a:
    148:149:void <init>() -> <init>
    153:154:android.support.v4.view.WindowInsetsCompat consumeSystemWindowInsets(java.lang.Object) -> a
    159:159:int getSystemWindowInsetBottom(java.lang.Object) -> b
    164:164:int getSystemWindowInsetLeft(java.lang.Object) -> c
    169:169:int getSystemWindowInsetRight(java.lang.Object) -> d
    174:174:int getSystemWindowInsetTop(java.lang.Object) -> e
    179:179:boolean hasInsets(java.lang.Object) -> f
    184:184:boolean hasSystemWindowInsets(java.lang.Object) -> g
    189:189:boolean isRound(java.lang.Object) -> h
    195:195:android.support.v4.view.WindowInsetsCompat replaceSystemWindowInsets(java.lang.Object,int,int,int,int) -> a
    201:201:java.lang.Object getSourceWindowInsets(java.lang.Object) -> i