FullyCloakedAVStreamer_Free_Version/app/build/outputs/mapping/release/usage.txt
android.support.v7.content.res.AppCompatResources:
    private static final java.lang.String LOG_TAG
android.support.v7.content.res.GrowingArrayUtils:
    72:80:public static long[] append(long[],int,long)
    87:95:public static boolean[] append(boolean[],int,boolean)
    110:123:public static java.lang.Object[] insert(java.lang.Object[],int,int,java.lang.Object)
    130:142:public static int[] insert(int[],int,int,int)
    149:161:public static long[] insert(long[],int,int,long)
    168:180:public static boolean[] insert(boolean[],int,int,boolean)
android.support.v7.transition.ActionBarTransition:
    private static final boolean TRANSITIONS_ENABLED
    private static final int TRANSITION_DURATION
android.support.v7.view.SupportMenuInflater:
    static final java.lang.String LOG_TAG
    private static final java.lang.String XML_MENU
    private static final java.lang.String XML_GROUP
    private static final java.lang.String XML_ITEM
    static final int NO_ID
android.support.v7.view.SupportMenuInflater$MenuState:
    private static final int defaultGroupId
    private static final int defaultItemId
    private static final int defaultItemCategory
    private static final int defaultItemOrder
    private static final int defaultItemCheckable
    private static final boolean defaultItemChecked
    private static final boolean defaultItemVisible
    private static final boolean defaultItemEnabled
android.support.v7.view.menu.ActionMenuItem:
    private static final int NO_ICON
    private static final int CHECKABLE
    private static final int CHECKED
    private static final int EXCLUSIVE
    private static final int HIDDEN
    private static final int ENABLED
android.support.v7.view.menu.ActionMenuItemView:
    private static final java.lang.String TAG
    private static final int MAX_ICON_SIZE
android.support.v7.view.menu.CascadingMenuPopup:
    static final int HORIZ_POSITION_LEFT
    static final int HORIZ_POSITION_RIGHT
    static final int SUBMENU_TIMEOUT_MS
android.support.v7.view.menu.ListMenuItemView:
    private static final java.lang.String TAG
android.support.v7.view.menu.ListMenuPresenter:
    private static final java.lang.String TAG
    160:160:int getItemIndexOffset()
android.support.v7.view.menu.MenuBuilder:
    private static final java.lang.String TAG
    private static final java.lang.String PRESENTER_KEY
    private static final java.lang.String ACTION_VIEW_STATES_KEY
    private static final java.lang.String EXPANDED_ACTION_VIEW_ID
    private android.util.SparseArray mFrozenViewStates
android.support.v7.view.menu.MenuDialogHelper:
    128:129:public void setPresenterCallback(android.support.v7.view.menu.MenuPresenter$Callback)
android.support.v7.view.menu.MenuHelper
android.support.v7.view.menu.MenuItemImpl:
    private static final java.lang.String TAG
    private static final int SHOW_AS_ACTION_MASK
    private static final int CHECKABLE
    private static final int CHECKED
    private static final int EXCLUSIVE
    private static final int HIDDEN
    private static final int ENABLED
    private static final int IS_ACTION
    static final int NO_ICON
    231:231:java.lang.Runnable getCallback()
android.support.v7.view.menu.MenuItemWrapperICS:
    static final java.lang.String LOG_TAG
android.support.v7.view.menu.MenuPopupHelper:
    private static final int TOUCH_EPICENTER_SIZE_DP
android.support.v7.widget.AbsActionBarView:
    private static final int FADE_DURATION
android.support.v7.widget.ActionBarContextView:
    private static final java.lang.String TAG
android.support.v7.widget.ActionBarOverlayLayout:
    private static final java.lang.String TAG
android.support.v7.widget.ActionMenuPresenter:
    private static final java.lang.String TAG
    146:149:public void setWidthLimit(int,boolean)
    157:159:public void setItemLimit(int)
android.support.v7.widget.ActionMenuView:
    private static final java.lang.String TAG
    static final int MIN_CELL_SIZE
    static final int GENERATED_ITEM_PADDING